 PATH path30 FOUND 
Scale factor = 1.000000
 0) 0.00,0.00
 PATH path28 FOUND 
Scale factor = 1.000000
 1) 0.00,0.00
 PATH path26 FOUND 
Scale factor = 1.000000
 2) 0.00,0.00
 PATH path24 FOUND 
Scale factor = 1.000000
 3) 0.00,0.00
 PATH path22 FOUND 
Scale factor = 1.000000
 4) 0.00,0.00
 PATH path20 FOUND 
Scale factor = 1.000000
 5) 0.00,0.00
 PATH path18 FOUND 
Scale factor = 1.000000
 6) 0.00,0.00
 PATH path16 FOUND 
Scale factor = 1.000000
 7) 0.00,0.00
 PATH path14 FOUND 
Scale factor = 1.000000
 8) 0.00,0.00
 PATH path12 FOUND 
Scale factor = 1.000000
 9) 0.00,315.60
    0.00,661.20
 PATH path10 FOUND 
Scale factor = 1.000000
10) 0.00,425.40
    0.00,805.10
    0.00,1228.10
    0.00,1631.20
    0.00,2034.70

Object origin:
0.000000 1017.350000

Eagle Command:
set wire_bend 2;
change layer tNames;
set width 0.000500;
poly (R 0.000000 10.173500) (R 0.000000 10.173500);
poly (R 0.000000 10.173500) (R 0.000000 10.173500);
poly (R 0.000000 10.173500) (R 0.000000 10.173500);
poly (R 0.000000 10.173500) (R 0.000000 10.173500);
poly (R 0.000000 10.173500) (R 0.000000 10.173500);
poly (R 0.000000 10.173500) (R 0.000000 10.173500);
poly (R 0.000000 10.173500) (R 0.000000 10.173500);
poly (R 0.000000 10.173500) (R 0.000000 10.173500);
poly (R 0.000000 10.173500) (R 0.000000 10.173500);
poly (R 0.000000 7.017500) (R 0.000000 3.561500) (R 0.000000 7.017500);
poly (R 0.000000 5.919500) (R 0.000000 2.122500) (R 0.000000 -2.107500) (R 0.000000 -6.138500) (R 0.000000 -10.173500) (R 0.000000 5.919500);

